[0m06:40:56.201493 [debug] [MainThread]: Sending event: {'category': 'dbt', 'action': 'invocation', 'label': 'start', 'context': [<snowplow_tracker.self_describing_json.SelfDescribingJson object at 0x000002218DC4ACF0>, <snowplow_tracker.self_describing_json.SelfDescribingJson object at 0x000002218E1197C0>, <snowplow_tracker.self_describing_json.SelfDescribingJson object at 0x000002218DFCAEA0>]}


============================== 06:40:56.205771 | 7c22aa5b-c0d2-4651-a544-ba1c9c9ada0d ==============================
[0m06:40:56.205771 [info ] [MainThread]: Running with dbt=1.11.7
[0m06:40:56.206791 [debug] [MainThread]: running dbt with arguments {'version_check': 'True', 'no_print': 'None', 'static_parser': 'True', 'warn_error_options': 'WarnErrorOptionsV2(error=[], warn=[], silence=[])', 'target_path': 'None', 'printer_width': '80', 'write_json': 'True', 'introspect': 'True', 'log_cache_events': 'False', 'empty': 'None', 'cache_selected_only': 'False', 'log_format': 'default', 'debug': 'False', 'fail_fast': 'False', 'partial_parse': 'True', 'send_anonymous_usage_stats': 'True', 'quiet': 'False', 'warn_error': 'None', 'profiles_dir': 'C:\\Users\\Dhanalakshmi Karri\\.dbt', 'use_colors': 'True', 'invocation_command': 'dbt debug', 'indirect_selection': 'eager', 'use_experimental_parser': 'False', 'log_path': 'logs'}
[0m06:40:56.221096 [info ] [MainThread]: dbt version: 1.11.7
[0m06:40:56.221842 [info ] [MainThread]: python version: 3.12.10
[0m06:40:56.221842 [info ] [MainThread]: python path: C:\Users\Dhanalakshmi Karri\Documents\DE_project\venv\Scripts\python.exe
[0m06:40:56.221842 [info ] [MainThread]: os info: Windows-11-10.0.26200-SP0
[0m06:40:56.221842 [info ] [MainThread]: Using profiles dir at C:\Users\Dhanalakshmi Karri\.dbt
[0m06:40:56.223093 [info ] [MainThread]: Using profiles.yml file at C:\Users\Dhanalakshmi Karri\.dbt\profiles.yml
[0m06:40:56.223093 [info ] [MainThread]: Using dbt_project.yml file at C:\Users\Dhanalakshmi Karri\Documents\DE_project\Blood_donation\dbt_project.yml
[0m06:40:56.223093 [info ] [MainThread]: Configuration:
[0m06:40:56.224092 [info ] [MainThread]:   profiles.yml file [[31mERROR not found[0m]
[0m06:40:56.224092 [info ] [MainThread]:   dbt_project.yml file [[31mERROR not found[0m]
[0m06:40:56.224092 [info ] [MainThread]: Required dependencies:
[0m06:40:56.224092 [debug] [MainThread]: Executing "git --help"
[0m06:40:56.243845 [debug] [MainThread]: STDOUT: "b"usage: git [-v | --version] [-h | --help] [-C <path>] [-c <name>=<value>]\n           [--exec-path[=<path>]] [--html-path] [--man-path] [--info-path]\n           [-p | --paginate | -P | --no-pager] [--no-replace-objects] [--no-lazy-fetch]\n           [--no-optional-locks] [--no-advice] [--bare] [--git-dir=<path>]\n           [--work-tree=<path>] [--namespace=<name>] [--config-env=<name>=<envvar>]\n           <command> [<args>]\n\nThese are common Git commands used in various situations:\n\nstart a working area (see also: git help tutorial)\n   clone      Clone a repository into a new directory\n   init       Create an empty Git repository or reinitialize an existing one\n\nwork on the current change (see also: git help everyday)\n   add        Add file contents to the index\n   mv         Move or rename a file, a directory, or a symlink\n   restore    Restore working tree files\n   rm         Remove files from the working tree and from the index\n\nexamine the history and state (see also: git help revisions)\n   bisect     Use binary search to find the commit that introduced a bug\n   diff       Show changes between commits, commit and working tree, etc\n   grep       Print lines matching a pattern\n   log        Show commit logs\n   show       Show various types of objects\n   status     Show the working tree status\n\ngrow, mark and tweak your common history\n   backfill   Download missing objects in a partial clone\n   branch     List, create, or delete branches\n   commit     Record changes to the repository\n   merge      Join two or more development histories together\n   rebase     Reapply commits on top of another base tip\n   reset      Set `HEAD` or the index to a known state\n   switch     Switch branches\n   tag        Create, list, delete or verify tags\n\ncollaborate (see also: git help workflows)\n   fetch      Download objects and refs from another repository\n   pull       Fetch from and integrate with another repository or a local branch\n   push       Update remote refs along with associated objects\n\n'git help -a' and 'git help -g' list available subcommands and some\nconcept guides. See 'git help <command>' or 'git help <concept>'\nto read about a specific subcommand or concept.\nSee 'git help git' for an overview of the system.\n""
[0m06:40:56.243845 [debug] [MainThread]: STDERR: "b''"
[0m06:40:56.243845 [info ] [MainThread]:  - git [[32mOK found[0m]

[0m06:40:56.243845 [info ] [MainThread]: Connection test skipped since no profile was found
[0m06:40:56.243845 [info ] [MainThread]: [31m2 checks failed:[0m
[0m06:40:56.251719 [info ] [MainThread]: dbt looked for a profiles.yml file in C:\Users\Dhanalakshmi Karri\.dbt\profiles.yml, but did
not find one. For more information on configuring your profile, consult the
documentation:

https://docs.getdbt.com/docs/configure-your-profile


[0m06:40:56.251719 [info ] [MainThread]: Project loading failed for the following reason:
 project path <C:\Users\Dhanalakshmi Karri\Documents\DE_project\Blood_donation\dbt_project.yml> not found

[0m06:40:56.252725 [debug] [MainThread]: Command `dbt debug` failed at 06:40:56.252725 after 0.15 seconds
[0m06:40:56.252725 [debug] [MainThread]: Sending event: {'category': 'dbt', 'action': 'invocation', 'label': 'end', 'context': [<snowplow_tracker.self_describing_json.SelfDescribingJson object at 0x000002218DE2F920>, <snowplow_tracker.self_describing_json.SelfDescribingJson object at 0x000002218D6F98E0>, <snowplow_tracker.self_describing_json.SelfDescribingJson object at 0x000002218AC6CCB0>]}
[0m06:40:56.252725 [debug] [MainThread]: Flushing usage events
[0m06:40:57.755366 [debug] [MainThread]: An error was encountered while trying to flush usage events
[0m19:46:45.592396 [debug] [MainThread]: Sending event: {'category': 'dbt', 'action': 'invocation', 'label': 'start', 'context': [<snowplow_tracker.self_describing_json.SelfDescribingJson object at 0x00000217C25C8530>, <snowplow_tracker.self_describing_json.SelfDescribingJson object at 0x00000217C52430E0>, <snowplow_tracker.self_describing_json.SelfDescribingJson object at 0x00000217C1CCCC50>]}


============================== 19:46:45.597383 | 5fb87de8-b294-4bf4-a568-6e9e1bc7ec16 ==============================
[0m19:46:45.597383 [info ] [MainThread]: Running with dbt=1.11.7
[0m19:46:45.598376 [debug] [MainThread]: running dbt with arguments {'static_parser': 'True', 'no_print': 'None', 'version_check': 'True', 'target_path': 'None', 'warn_error_options': 'WarnErrorOptionsV2(error=[], warn=[], silence=[])', 'printer_width': '80', 'write_json': 'True', 'empty': 'False', 'log_cache_events': 'False', 'introspect': 'True', 'cache_selected_only': 'False', 'log_format': 'default', 'debug': 'False', 'fail_fast': 'False', 'partial_parse': 'True', 'send_anonymous_usage_stats': 'True', 'quiet': 'False', 'warn_error': 'None', 'profiles_dir': 'C:\\Users\\Dhanalakshmi Karri\\.dbt', 'use_colors': 'True', 'invocation_command': 'dbt run -s staging full-refresh', 'indirect_selection': 'eager', 'use_experimental_parser': 'False', 'log_path': 'logs'}
[0m19:46:45.598376 [error] [MainThread]: Encountered an error:
Runtime Error
  No dbt_project.yml found at expected path C:\Users\Dhanalakshmi Karri\Documents\DE_project\Blood_donation\dbt_project.yml
  Verify that each entry within packages.yml (and their transitive dependencies) contains a file named dbt_project.yml
  
[0m19:46:45.599390 [debug] [MainThread]: Command `dbt run` failed at 19:46:45.599390 after 0.18 seconds
[0m19:46:45.599390 [debug] [MainThread]: Sending event: {'category': 'dbt', 'action': 'invocation', 'label': 'end', 'context': [<snowplow_tracker.self_describing_json.SelfDescribingJson object at 0x00000217C558FAD0>, <snowplow_tracker.self_describing_json.SelfDescribingJson object at 0x00000217C5844E60>, <snowplow_tracker.self_describing_json.SelfDescribingJson object at 0x00000217C25C8530>]}
[0m19:46:45.599390 [debug] [MainThread]: Flushing usage events
[0m19:46:47.123825 [debug] [MainThread]: An error was encountered while trying to flush usage events
[0m19:46:55.738581 [debug] [MainThread]: Sending event: {'category': 'dbt', 'action': 'invocation', 'label': 'start', 'context': [<snowplow_tracker.self_describing_json.SelfDescribingJson object at 0x0000013552B0C710>, <snowplow_tracker.self_describing_json.SelfDescribingJson object at 0x0000013552FB3890>, <snowplow_tracker.self_describing_json.SelfDescribingJson object at 0x0000013552FB1CA0>]}


============================== 19:46:55.742599 | 90e6df9f-bf5d-422b-8522-d94e067b8b83 ==============================
[0m19:46:55.742599 [info ] [MainThread]: Running with dbt=1.11.7
[0m19:46:55.742599 [debug] [MainThread]: running dbt with arguments {'version_check': 'True', 'no_print': 'None', 'static_parser': 'True', 'warn_error_options': 'WarnErrorOptionsV2(error=[], warn=[], silence=[])', 'target_path': 'None', 'printer_width': '80', 'write_json': 'True', 'empty': 'False', 'log_cache_events': 'False', 'introspect': 'True', 'cache_selected_only': 'False', 'fail_fast': 'False', 'debug': 'False', 'log_format': 'default', 'profiles_dir': 'C:\\Users\\Dhanalakshmi Karri\\.dbt', 'send_anonymous_usage_stats': 'True', 'quiet': 'False', 'warn_error': 'None', 'partial_parse': 'True', 'invocation_command': 'dbt run -s staging --full-refresh', 'indirect_selection': 'eager', 'use_colors': 'True', 'use_experimental_parser': 'False', 'log_path': 'logs'}
[0m19:46:55.743585 [error] [MainThread]: Encountered an error:
Runtime Error
  No dbt_project.yml found at expected path C:\Users\Dhanalakshmi Karri\Documents\DE_project\Blood_donation\dbt_project.yml
  Verify that each entry within packages.yml (and their transitive dependencies) contains a file named dbt_project.yml
  
[0m19:46:55.743585 [debug] [MainThread]: Command `dbt run` failed at 19:46:55.743585 after 0.09 seconds
[0m19:46:55.743585 [debug] [MainThread]: Sending event: {'category': 'dbt', 'action': 'invocation', 'label': 'end', 'context': [<snowplow_tracker.self_describing_json.SelfDescribingJson object at 0x0000013551C9A5A0>, <snowplow_tracker.self_describing_json.SelfDescribingJson object at 0x00000135525315E0>, <snowplow_tracker.self_describing_json.SelfDescribingJson object at 0x0000013552531790>]}
[0m19:46:55.744598 [debug] [MainThread]: Flushing usage events
[0m19:46:57.023217 [debug] [MainThread]: An error was encountered while trying to flush usage events
